<?xml version="1.0" encoding="UTF-8"?>
<testsuite name="As_a_user_I_want_to_be_able_to_set_the_counter_to_value_zero" tests="2" skipped="0" failures="0" errors="0" timestamp="2020-02-02T17:54:26" hostname="DESKTOP-1Q8SKGO" time="0.005">
  <properties/>
  <testcase name="Resetting after one increment" classname="As_a_user_I_want_to_be_able_to_set_the_counter_to_value_zero" time="0.002"/>
  <testcase name="Resetting_after_incrementing_with_several_values" classname="As_a_user_I_want_to_be_able_to_set_the_counter_to_value_zero" time="0.002"/>
  <system-out><![CDATA[
Feature: As_a_user_I_want_to_be_able_to_set_the_counter_to_value_zero

  Scenario: Resetting after one increment ?[90m# src/test/resources/ohtu/resetingCounter.feature:3?[0m
    ?[32mGiven ?[0m?[32mCounter is initialized?[0m          ?[90m# Stepdefs.counterIsInitialized()?[0m
    ?[32mWhen ?[0m?[32mit is incremented?[0m                ?[90m# Stepdefs.itIsIncremented()?[0m
    ?[32mAnd ?[0m?[32mit is reset?[0m                       ?[90m# Stepdefs.itIsReset()?[0m
    ?[32mThen ?[0m?[32mthe value should be ?[0m?[32m?[1m0?[0m            ?[90m# Stepdefs.theValueShouldBe(Integer)?[0m

  Scenario: Resetting_after_incrementing_with_several_values ?[90m# src/test/resources/ohtu/resetingCounter.feature:9?[0m
    ?[32mGiven ?[0m?[32mCounter is initialized?[0m                             ?[90m# Stepdefs.counterIsInitialized()?[0m
    ?[32mWhen ?[0m?[32mit is incremented by ?[0m?[32m?[1m5?[0m                              ?[90m# Stepdefs.itIsIncrementedBy(Integer)?[0m
    ?[32mAnd ?[0m?[32mit is reset?[0m                                          ?[90m# Stepdefs.itIsReset()?[0m
    ?[32mThen ?[0m?[32mthe value should be ?[0m?[32m?[1m0?[0m                               ?[90m# Stepdefs.theValueShouldBe(Integer)?[0m
]]></system-out>
  <system-err><![CDATA[]]></system-err>
</testsuite>
