<?xml version="1.0" encoding="UTF-8"?>
<testsuite name="As a registered user can log in with valid username/password-combination" tests="3" skipped="0" failures="0" errors="0" timestamp="2020-02-08T11:07:29" hostname="DESKTOP-1Q8SKGO" time="2.549">
  <properties/>
  <testcase name="user can login with correct password" classname="As a registered user can log in with valid username/password-combination" time="2.177"/>
  <testcase name="user can not login with incorrect password" classname="As a registered user can log in with valid username/password-combination" time="0.282"/>
  <testcase name="nonexistent user can not login to" classname="As a registered user can log in with valid username/password-combination" time="0.089"/>
  <system-out><![CDATA[Feature: As a registered user can log in with valid username/password-combination

  Scenario: user can login with correct password                 ?[90m# src/test/resources/ohtu/logging_in.feature:3?[0m
    ?[32mGiven ?[0m?[32mlogin is selected?[0m                                      ?[90m# Stepdefs.loginIsSelected()?[0m
    ?[32mWhen ?[0m?[32mcorrect username ?[0m?[32m?[1m"jukka"?[0m?[32m and password ?[0m?[32m?[1m"akkuj"?[0m?[32m are given?[0m ?[90m# Stepdefs.correctUsernameAndPasswordAreGiven(String,String)?[0m
    ?[32mThen ?[0m?[32muser is logged in?[0m                                       ?[90m# Stepdefs.userIsLoggedIn()?[0m

  Scenario: user can not login with incorrect password                     ?[90m# src/test/resources/ohtu/logging_in.feature:8?[0m
    ?[32mGiven ?[0m?[32mlogin is selected?[0m                                                ?[90m# Stepdefs.loginIsSelected()?[0m
    ?[32mWhen ?[0m?[32mcorrect username ?[0m?[32m?[1m"jukka"?[0m?[32m and incorrect password ?[0m?[32m?[1m"wrong"?[0m?[32m are given?[0m ?[90m# Stepdefs.correctUsernameAndIncorrectPasswordAreGiven(String,String)?[0m
    ?[32mThen ?[0m?[32muser is not logged in and error message is given?[0m                  ?[90m# Stepdefs.userIsNotLoggedInAndErrorMessageIsGiven()?[0m

  Scenario: nonexistent user can not login to                             ?[90m# src/test/resources/ohtu/logging_in.feature:13?[0m
    ?[32mGiven ?[0m?[32mlogin is selected?[0m                                               ?[90m# Stepdefs.loginIsSelected()?[0m
    ?[32mWhen ?[0m?[32mun-existent username ?[0m?[32m?[1m"hakku"?[0m?[32m and a password ?[0m?[32m?[1m"salakala"?[0m?[32m are given?[0m ?[90m# Stepdefs.unexistentUsernameAndAPasswordAreGiven(String,String)?[0m
    ?[32mThen ?[0m?[32muser is not logged in and error message is given?[0m                 ?[90m# Stepdefs.userIsNotLoggedInAndErrorMessageIsGiven()?[0m
]]></system-out>
  <system-err><![CDATA[]]></system-err>
</testsuite>
