<?xml version="1.0" encoding="UTF-8"?>
<testsuite name="User_can_log_in_with_valid_username/password-combination" tests="3" skipped="0" failures="0" errors="0" timestamp="2020-02-02T20:36:51" hostname="DESKTOP-1Q8SKGO" time="0.019">
  <properties/>
  <testcase name="user can login with correct password" classname="User_can_log_in_with_valid_username/password-combination" time="0.013"/>
  <testcase name="user can not login with incorrect password" classname="User_can_log_in_with_valid_username/password-combination" time="0.003"/>
  <testcase name="nonexistent user can not login to" classname="User_can_log_in_with_valid_username/password-combination" time="0.002"/>
  <system-out><![CDATA[Feature: User_can_log_in_with_valid_username/password-combination

  Scenario: user can login with correct password           ?[90m# src/test/resources/ohtu/login.feature:3?[0m
    ?[32mGiven ?[0m?[32mcommand login is selected?[0m                        ?[90m# Stepdefs.commandLoginSelected()?[0m
    ?[32mWhen ?[0m?[32musername ?[0m?[32m?[1m"pekka"?[0m?[32m and password ?[0m?[32m?[1m"akkep"?[0m?[32m are entered?[0m ?[90m# Stepdefs.usernameAndWrongPasswordAreEntered(String,String)?[0m
    ?[32mThen ?[0m?[32msystem will respond with ?[0m?[32m?[1m"logged in"?[0m              ?[90m# Stepdefs.systemWillRespondWith(String)?[0m

  Scenario: user can not login with incorrect password           ?[90m# src/test/resources/ohtu/login.feature:8?[0m
    ?[32mGiven ?[0m?[32mcommand login is selected?[0m                              ?[90m# Stepdefs.commandLoginSelected()?[0m
    ?[32mWhen ?[0m?[32musername ?[0m?[32m?[1m"pekka"?[0m?[32m and wrong password ?[0m?[32m?[1m"pakki"?[0m?[32m are entered?[0m ?[90m# Stepdefs.usernameAndPasswordAreEntered(String,String)?[0m
    ?[32mThen ?[0m?[32msystem will respond with ?[0m?[32m?[1m"wrong username or password"?[0m   ?[90m# Stepdefs.systemWillRespondWith(String)?[0m

  Scenario: nonexistent user can not login to                            ?[90m# src/test/resources/ohtu/login.feature:13?[0m
    ?[32mGiven ?[0m?[32mcommand login is selected?[0m                                      ?[90m# Stepdefs.commandLoginSelected()?[0m
    ?[32mWhen ?[0m?[32mnonexistent username ?[0m?[32m?[1m"kissa"?[0m?[32m and a password ?[0m?[32m?[1m"kassi"?[0m?[32m are entered?[0m ?[90m# Stepdefs.wrongUsernameAndpasswordAreEntered(String,String)?[0m
    ?[32mThen ?[0m?[32msystem will respond with ?[0m?[32m?[1m"wrong username or password"?[0m           ?[90m# Stepdefs.systemWillRespondWith(String)?[0m
]]></system-out>
  <system-err><![CDATA[]]></system-err>
</testsuite>
