<?xml version="1.0" encoding="UTF-8"?>
<testsuite name="A_new_user_account_can_be_created_if_a_proper_unused_username_and_password_are_given" tests="6" skipped="0" failures="0" errors="0" timestamp="2020-02-02T21:55:38" hostname="DESKTOP-1Q8SKGO" time="0.022">
  <properties/>
  <testcase name="creation is successful with valid username and password" classname="A_new_user_account_can_be_created_if_a_proper_unused_username_and_password_are_given" time="0.004"/>
  <testcase name="creation fails with already taken username and valid password" classname="A_new_user_account_can_be_created_if_a_proper_unused_username_and_password_are_given" time="0.004"/>
  <testcase name="creation fails with too short username and valid password" classname="A_new_user_account_can_be_created_if_a_proper_unused_username_and_password_are_given" time="0.002"/>
  <testcase name="creation fails with valid username and too short password" classname="A_new_user_account_can_be_created_if_a_proper_unused_username_and_password_are_given" time="0.002"/>
  <testcase name="creation fails with valid username and password long enough but consisting of only letters" classname="A_new_user_account_can_be_created_if_a_proper_unused_username_and_password_are_given" time="0.002"/>
  <testcase name="can login with successfully generated account" classname="A_new_user_account_can_be_created_if_a_proper_unused_username_and_password_are_given" time="0.005"/>
  <system-out><![CDATA[
Feature: A_new_user_account_can_be_created_if_a_proper_unused_username_and_password_are_given

  Scenario: creation is successful with valid username and password ?[90m# src/test/resources/ohtu/new_user.feature:3?[0m
    ?[32mGiven ?[0m?[32mcommand new is selected?[0m                                   ?[90m# Stepdefs.commandNewSelected()?[0m
    ?[32mWhen ?[0m?[32musername ?[0m?[32m?[1m"eero"?[0m?[32m and password ?[0m?[32m?[1m"salainen1"?[0m?[32m are entered?[0m       ?[90m# Stepdefs.usernameAndPasswordAreEntered(String,String)?[0m
    ?[32mThen ?[0m?[32msystem will respond with ?[0m?[32m?[1m"new user registered"?[0m             ?[90m# Stepdefs.systemWillRespondWith(String)?[0m

  Scenario: creation fails with already taken username and valid password ?[90m# src/test/resources/ohtu/new_user.feature:8?[0m
    ?[32mGiven ?[0m?[32muser ?[0m?[32m?[1m"eero"?[0m?[32m with password ?[0m?[32m?[1m"salainen1"?[0m?[32m exists?[0m                    ?[90m# Stepdefs.commandUserCreated(String,String)?[0m
    ?[32mAnd ?[0m?[32mcommand new is selected?[0m                                           ?[90m# Stepdefs.commandNewSelected()?[0m
    ?[32mWhen ?[0m?[32musername ?[0m?[32m?[1m"eero"?[0m?[32m and password ?[0m?[32m?[1m"salainen1"?[0m?[32m are entered?[0m             ?[90m# Stepdefs.usernameAndPasswordAreEntered(String,String)?[0m
    ?[32mThen ?[0m?[32msystem will respond with ?[0m?[32m?[1m"new user not registered"?[0m               ?[90m# Stepdefs.systemWillRespondWith(String)?[0m

  Scenario: creation fails with too short username and valid password ?[90m# src/test/resources/ohtu/new_user.feature:14?[0m
    ?[32mGiven ?[0m?[32mcommand new is selected?[0m                                     ?[90m# Stepdefs.commandNewSelected()?[0m
    ?[32mWhen ?[0m?[32musername ?[0m?[32m?[1m"ee"?[0m?[32m and password ?[0m?[32m?[1m"salainen1"?[0m?[32m are entered?[0m           ?[90m# Stepdefs.usernameAndPasswordAreEntered(String,String)?[0m
    ?[32mThen ?[0m?[32msystem will respond with ?[0m?[32m?[1m"new user not registered"?[0m           ?[90m# Stepdefs.systemWillRespondWith(String)?[0m

  Scenario: creation fails with valid username and too short password ?[90m# src/test/resources/ohtu/new_user.feature:19?[0m
    ?[32mGiven ?[0m?[32mcommand new is selected?[0m                                     ?[90m# Stepdefs.commandNewSelected()?[0m
    ?[32mWhen ?[0m?[32musername ?[0m?[32m?[1m"eero"?[0m?[32m and password ?[0m?[32m?[1m"salaine"?[0m?[32m are entered?[0m           ?[90m# Stepdefs.usernameAndPasswordAreEntered(String,String)?[0m
    ?[32mThen ?[0m?[32msystem will respond with ?[0m?[32m?[1m"new user not registered"?[0m           ?[90m# Stepdefs.systemWillRespondWith(String)?[0m

  Scenario: creation fails with valid username and password long enough but consisting of only letters ?[90m# src/test/resources/ohtu/new_user.feature:24?[0m
    ?[32mGiven ?[0m?[32mcommand new is selected?[0m                                                                      ?[90m# Stepdefs.commandNewSelected()?[0m
    ?[32mWhen ?[0m?[32musername ?[0m?[32m?[1m"eero"?[0m?[32m and password ?[0m?[32m?[1m"salainen"?[0m?[32m are entered?[0m                                           ?[90m# Stepdefs.usernameAndPasswordAreEntered(String,String)?[0m
    ?[32mThen ?[0m?[32msystem will respond with ?[0m?[32m?[1m"new user not registered"?[0m                                            ?[90m# Stepdefs.systemWillRespondWith(String)?[0m

  Scenario: can login with successfully generated account     ?[90m# src/test/resources/ohtu/new_user.feature:29?[0m
    ?[32mGiven ?[0m?[32muser ?[0m?[32m?[1m"eero"?[0m?[32m with password ?[0m?[32m?[1m"salainen1"?[0m?[32m exists?[0m        ?[90m# Stepdefs.commandUserCreated(String,String)?[0m
    ?[32mAnd ?[0m?[32mcommand login is selected?[0m                             ?[90m# Stepdefs.commandLoginSelected()?[0m
    ?[32mWhen ?[0m?[32musername ?[0m?[32m?[1m"eero"?[0m?[32m and password ?[0m?[32m?[1m"salainen1"?[0m?[32m are entered?[0m ?[90m# Stepdefs.usernameAndPasswordAreEntered(String,String)?[0m
    ?[32mThen ?[0m?[32msystem will respond with ?[0m?[32m?[1m"logged in"?[0m                 ?[90m# Stepdefs.systemWillRespondWith(String)?[0m
]]></system-out>
  <system-err><![CDATA[]]></system-err>
</testsuite>
